<?xml version="1.0" encoding="UTF-8"?>
<!-- Generated by org.testng.reporters.JUnitXMLReporter -->
<testsuite ignored="0" hostname="DELL-PC" failures="1" tests="2" name="listen" time="20.951" errors="0" timestamp="2020-05-15T02:19:13 IST">
  <testcase classname="Listenersdemo.demoqatest" name="testURL" time="0.033">
    <failure type="java.lang.AssertionError" message="did not expect to find [true] but found [false]">
      <![CDATA[java.lang.AssertionError: did not expect to find [true] but found [false]
at Listenersdemo.demoqatest.testURL(demoqatest.java:56)
at java.base/java.util.ArrayList.forEach(ArrayList.java:1540)
... Removed 31 stack frames]]>
    </failure>
  </testcase> <!-- testURL -->
  <testcase classname="Listenersdemo.demoqatest" name="titletest" time="0.019"/>
</testsuite> <!-- listen -->
